This is pdfTeX, Version 3.14159265-2.6-1.40.18 (MiKTeX 2.9.6530) (preloaded format=pdflatex 2018.2.3)  3 FEB 2018 20:34
entering extended mode
**./RSS2018.tex
(RSS2018.tex
LaTeX2e <2017-04-15>
Babel <3.17> and hyphenation patterns for 1 language(s) loaded.
(IEEEtran.cls
Document Class: IEEEtran 2007/03/05 V1.7a by Michael Shell
-- See the "IEEEtran_HOWTO" manual for usage information.
-- http://www.michaelshell.org/tex/ieeetran/
\@IEEEtrantmpdimenA=\dimen102
\@IEEEtrantmpdimenB=\dimen103
\@IEEEtrantmpcountA=\count79
\@IEEEtrantmpcountB=\count80
\@IEEEtrantmptoksA=\toks14
LaTeX Font Info:    Try loading font information for OT1+ptm on input line 366.

(/home/anon/.miktex/texmfs/install/tex/latex/psnfss/ot1ptm.fd
File: ot1ptm.fd 2001/06/04 font definitions for OT1/ptm.
)
-- Using 8.5in x 11in (letter) paper.
-- Using PDF output.
\@IEEEnormalsizeunitybaselineskip=\dimen104
-- This is a 10 point document.
\CLASSINFOnormalsizebaselineskip=\dimen105
\CLASSINFOnormalsizeunitybaselineskip=\dimen106
\IEEEnormaljot=\dimen107
LaTeX Font Info:    Font shape `OT1/ptm/bx/n' in size <5> not available
(Font)              Font shape `OT1/ptm/b/n' tried instead on input line 724.
LaTeX Font Info:    Font shape `OT1/ptm/bx/it' in size <5> not available
(Font)              Font shape `OT1/ptm/b/it' tried instead on input line 724.
LaTeX Font Info:    Font shape `OT1/ptm/bx/n' in size <7> not available
(Font)              Font shape `OT1/ptm/b/n' tried instead on input line 724.
LaTeX Font Info:    Font shape `OT1/ptm/bx/it' in size <7> not available
(Font)              Font shape `OT1/ptm/b/it' tried instead on input line 724.
LaTeX Font Info:    Font shape `OT1/ptm/bx/n' in size <8> not available
(Font)              Font shape `OT1/ptm/b/n' tried instead on input line 724.
LaTeX Font Info:    Font shape `OT1/ptm/bx/it' in size <8> not available
(Font)              Font shape `OT1/ptm/b/it' tried instead on input line 724.
LaTeX Font Info:    Font shape `OT1/ptm/bx/n' in size <9> not available
(Font)              Font shape `OT1/ptm/b/n' tried instead on input line 724.
LaTeX Font Info:    Font shape `OT1/ptm/bx/it' in size <9> not available
(Font)              Font shape `OT1/ptm/b/it' tried instead on input line 724.
LaTeX Font Info:    Font shape `OT1/ptm/bx/n' in size <10> not available
(Font)              Font shape `OT1/ptm/b/n' tried instead on input line 724.
LaTeX Font Info:    Font shape `OT1/ptm/bx/it' in size <10> not available
(Font)              Font shape `OT1/ptm/b/it' tried instead on input line 724.
LaTeX Font Info:    Font shape `OT1/ptm/bx/n' in size <11> not available
(Font)              Font shape `OT1/ptm/b/n' tried instead on input line 724.
LaTeX Font Info:    Font shape `OT1/ptm/bx/it' in size <11> not available
(Font)              Font shape `OT1/ptm/b/it' tried instead on input line 724.
LaTeX Font Info:    Font shape `OT1/ptm/bx/n' in size <12> not available
(Font)              Font shape `OT1/ptm/b/n' tried instead on input line 724.
LaTeX Font Info:    Font shape `OT1/ptm/bx/it' in size <12> not available
(Font)              Font shape `OT1/ptm/b/it' tried instead on input line 724.
LaTeX Font Info:    Font shape `OT1/ptm/bx/n' in size <17> not available
(Font)              Font shape `OT1/ptm/b/n' tried instead on input line 724.
LaTeX Font Info:    Font shape `OT1/ptm/bx/it' in size <17> not available
(Font)              Font shape `OT1/ptm/b/it' tried instead on input line 724.
LaTeX Font Info:    Font shape `OT1/ptm/bx/n' in size <20> not available
(Font)              Font shape `OT1/ptm/b/n' tried instead on input line 724.
LaTeX Font Info:    Font shape `OT1/ptm/bx/it' in size <20> not available
(Font)              Font shape `OT1/ptm/b/it' tried instead on input line 724.
LaTeX Font Info:    Font shape `OT1/ptm/bx/n' in size <24> not available
(Font)              Font shape `OT1/ptm/b/n' tried instead on input line 724.
LaTeX Font Info:    Font shape `OT1/ptm/bx/it' in size <24> not available
(Font)              Font shape `OT1/ptm/b/it' tried instead on input line 724.
\IEEEilabelindentA=\dimen108
\IEEEilabelindentB=\dimen109
\IEEEilabelindent=\dimen110
\IEEEelabelindent=\dimen111
\IEEEdlabelindent=\dimen112
\IEEElabelindent=\dimen113
\IEEEiednormlabelsep=\dimen114
\IEEEiedmathlabelsep=\dimen115
\IEEEiedtopsep=\skip41
\c@section=\count81
\c@subsection=\count82
\c@subsubsection=\count83
\c@paragraph=\count84
\c@IEEEsubequation=\count85
\abovecaptionskip=\skip42
\belowcaptionskip=\skip43
\c@figure=\count86
\c@table=\count87
\@IEEEeqnnumcols=\count88
\@IEEEeqncolcnt=\count89
\@IEEEtmpitemindent=\dimen116
\c@IEEEbiography=\count90
\@IEEEtranrubishbin=\box26
) (/home/anon/.miktex/texmfs/install/tex/latex/psnfss/times.sty
Package: times 2005/04/12 PSNFSS-v9.2a (SPQR) 
)
(/home/anon/.miktex/texmfs/install/tex/latex/amsmath/amsmath.sty
Package: amsmath 2017/09/02 v2.17a AMS math features
\@mathmargin=\skip44

For additional information on amsmath, use the `?' option.
(/home/anon/.miktex/texmfs/install/tex/latex/amsmath/amstext.sty
Package: amstext 2000/06/29 v2.01 AMS text

(/home/anon/.miktex/texmfs/install/tex/latex/amsmath/amsgen.sty
File: amsgen.sty 1999/11/30 v2.0 generic functions
\@emptytoks=\toks15
\ex@=\dimen117
))
(/home/anon/.miktex/texmfs/install/tex/latex/amsmath/amsbsy.sty
Package: amsbsy 1999/11/29 v1.2d Bold Symbols
\pmbraise@=\dimen118
)
(/home/anon/.miktex/texmfs/install/tex/latex/amsmath/amsopn.sty
Package: amsopn 2016/03/08 v2.02 operator names
)
\inf@bad=\count91
LaTeX Info: Redefining \frac on input line 213.
\uproot@=\count92
\leftroot@=\count93
LaTeX Info: Redefining \overline on input line 375.
\classnum@=\count94
\DOTSCASE@=\count95
LaTeX Info: Redefining \ldots on input line 472.
LaTeX Info: Redefining \dots on input line 475.
LaTeX Info: Redefining \cdots on input line 596.
\Mathstrutbox@=\box27
\strutbox@=\box28
\big@size=\dimen119
LaTeX Font Info:    Redeclaring font encoding OML on input line 712.
LaTeX Font Info:    Redeclaring font encoding OMS on input line 713.
\macc@depth=\count96
\c@MaxMatrixCols=\count97
\dotsspace@=\muskip10
\c@parentequation=\count98
\dspbrk@lvl=\count99
\tag@help=\toks16
\row@=\count100
\column@=\count101
\maxfields@=\count102
\andhelp@=\toks17
\eqnshift@=\dimen120
\alignsep@=\dimen121
\tagshift@=\dimen122
\tagwidth@=\dimen123
\totwidth@=\dimen124
\lineht@=\dimen125
\@envbody=\toks18
\multlinegap=\skip45
\multlinetaggap=\skip46
\mathdisplay@stack=\toks19
LaTeX Info: Redefining \[ on input line 2817.
LaTeX Info: Redefining \] on input line 2818.
)
(/home/anon/.miktex/texmfs/install/tex/latex/amsfonts/amsfonts.sty
Package: amsfonts 2013/01/14 v3.01 Basic AMSFonts support
\symAMSa=\mathgroup4
\symAMSb=\mathgroup5
LaTeX Font Info:    Overwriting math alphabet `\mathfrak' in version `bold'
(Font)                  U/euf/m/n --> U/euf/b/n on input line 106.
)
(/home/anon/.miktex/texmfs/install/tex/latex/natbib/natbib.sty
Package: natbib 2010/09/13 8.31b (PWD, AO)
\bibhang=\skip47
\bibsep=\skip48
LaTeX Info: Redefining \cite on input line 694.
\c@NAT@ctr=\count103
)
(/home/anon/.miktex/texmfs/install/tex/latex/tools/multicol.sty
Package: multicol 2017/04/11 v1.8q multicolumn formatting (FMi)
\c@tracingmulticols=\count104
\mult@box=\box29
\multicol@leftmargin=\dimen126
\c@unbalance=\count105
\c@collectmore=\count106
\doublecol@number=\count107
\multicoltolerance=\count108
\multicolpretolerance=\count109
\full@width=\dimen127
\page@free=\dimen128
\premulticols=\dimen129
\postmulticols=\dimen130
\multicolsep=\skip49
\multicolbaselineskip=\skip50
\partial@page=\box30
\last@line=\box31
\maxbalancingoverflow=\dimen131
\mult@rightbox=\box32
\mult@grightbox=\box33
\mult@gfirstbox=\box34
\mult@firstbox=\box35
\@tempa=\box36
\@tempa=\box37
\@tempa=\box38
\@tempa=\box39
\@tempa=\box40
\@tempa=\box41
\@tempa=\box42
\@tempa=\box43
\@tempa=\box44
\@tempa=\box45
\@tempa=\box46
\@tempa=\box47
\@tempa=\box48
\@tempa=\box49
\@tempa=\box50
\@tempa=\box51
\@tempa=\box52
\c@columnbadness=\count110
\c@finalcolumnbadness=\count111
\last@try=\dimen132
\multicolovershoot=\dimen133
\multicolundershoot=\dimen134
\mult@nat@firstbox=\box53
\colbreak@box=\box54
\mc@col@check@num=\count112
)
(/home/anon/.miktex/texmfs/install/tex/latex/hyperref/hyperref.sty
Package: hyperref 2017/03/14 v6.85a Hypertext links for LaTeX

(/home/anon/.miktex/texmfs/install/tex/generic/oberdiek/hobsub-hyperref.sty
Package: hobsub-hyperref 2016/05/16 v1.14 Bundle oberdiek, subset hyperref (HO)


(/home/anon/.miktex/texmfs/install/tex/generic/oberdiek/hobsub-generic.sty
Package: hobsub-generic 2016/05/16 v1.14 Bundle oberdiek, subset generic (HO)
Package: hobsub 2016/05/16 v1.14 Construct package bundles (HO)
Package: infwarerr 2016/05/16 v1.4 Providing info/warning/error messages (HO)
Package: ltxcmds 2016/05/16 v1.23 LaTeX kernel commands for general use (HO)
Package: ifluatex 2016/05/16 v1.4 Provides the ifluatex switch (HO)
Package ifluatex Info: LuaTeX not detected.
Package: ifvtex 2016/05/16 v1.6 Detect VTeX and its facilities (HO)
Package ifvtex Info: VTeX not detected.
Package: intcalc 2016/05/16 v1.2 Expandable calculations with integers (HO)
Package: ifpdf 2017/03/15 v3.2 Provides the ifpdf switch
Package: etexcmds 2016/05/16 v1.6 Avoid name clashes with e-TeX commands (HO)
Package etexcmds Info: Could not find \expanded.
(etexcmds)             That can mean that you are not using pdfTeX 1.50 or
(etexcmds)             that some package has redefined \expanded.
(etexcmds)             In the latter case, load this package earlier.
Package: kvsetkeys 2016/05/16 v1.17 Key value parser (HO)
Package: kvdefinekeys 2016/05/16 v1.4 Define keys (HO)
Package: pdftexcmds 2018/01/21 v0.26 Utility functions of pdfTeX for LuaTeX (HO
)
Package pdftexcmds Info: LuaTeX not detected.
Package pdftexcmds Info: \pdf@primitive is available.
Package pdftexcmds Info: \pdf@ifprimitive is available.
Package pdftexcmds Info: \pdfdraftmode found.
Package: pdfescape 2016/05/16 v1.14 Implements pdfTeX's escape features (HO)
Package: bigintcalc 2016/05/16 v1.4 Expandable calculations on big integers (HO
)
Package: bitset 2016/05/16 v1.2 Handle bit-vector datatype (HO)
Package: uniquecounter 2016/05/16 v1.3 Provide unlimited unique counter (HO)
)
Package hobsub Info: Skipping package `hobsub' (already loaded).
Package: letltxmacro 2016/05/16 v1.5 Let assignment for LaTeX macros (HO)
Package: hopatch 2016/05/16 v1.3 Wrapper for package hooks (HO)
Package: xcolor-patch 2016/05/16 xcolor patch
Package: atveryend 2016/05/16 v1.9 Hooks at the very end of document (HO)
Package atveryend Info: \enddocument detected (standard20110627).
Package: atbegshi 2016/06/09 v1.18 At begin shipout hook (HO)
Package: refcount 2016/05/16 v3.5 Data extraction from label references (HO)
Package: hycolor 2016/05/16 v1.8 Color options for hyperref/bookmark (HO)
)
(/home/anon/.miktex/texmfs/install/tex/latex/graphics/keyval.sty
Package: keyval 2014/10/28 v1.15 key=value parser (DPC)
\KV@toks@=\toks20
)
(/home/anon/.miktex/texmfs/install/tex/generic/ifxetex/ifxetex.sty
Package: ifxetex 2010/09/12 v0.6 Provides ifxetex conditional
)
(/home/anon/.miktex/texmfs/install/tex/latex/oberdiek/auxhook.sty
Package: auxhook 2016/05/16 v1.4 Hooks for auxiliary files (HO)
)
(/home/anon/.miktex/texmfs/install/tex/latex/oberdiek/kvoptions.sty
Package: kvoptions 2016/05/16 v3.12 Key value format for package options (HO)
)
\@linkdim=\dimen135
\Hy@linkcounter=\count113
\Hy@pagecounter=\count114

(/home/anon/.miktex/texmfs/install/tex/latex/hyperref/pd1enc.def
File: pd1enc.def 2017/03/14 v6.85a Hyperref: PDFDocEncoding definition (HO)
)
\Hy@SavedSpaceFactor=\count115

(/home/anon/.miktex/texmfs/install/tex/latex/00miktex/hyperref.cfg
File: hyperref.cfg 2002/06/06 v1.2 hyperref configuration of TeXLive
)
Package hyperref Info: Option `bookmarks' set `true' on input line 4374.
Package hyperref Info: Hyper figures OFF on input line 4498.
Package hyperref Info: Link nesting OFF on input line 4503.
Package hyperref Info: Hyper index ON on input line 4506.
Package hyperref Info: Plain pages OFF on input line 4513.
Package hyperref Info: Backreferencing OFF on input line 4518.
Package hyperref Info: Implicit mode ON; LaTeX internals redefined.
Package hyperref Info: Bookmarks ON on input line 4751.
\c@Hy@tempcnt=\count116

(/home/anon/.miktex/texmfs/install/tex/latex/url/url.sty
\Urlmuskip=\muskip11
Package: url 2013/09/16  ver 3.4  Verb mode for urls, etc.
)
LaTeX Info: Redefining \url on input line 5104.
\XeTeXLinkMargin=\dimen136
\Fld@menulength=\count117
\Field@Width=\dimen137
\Fld@charsize=\dimen138
Package hyperref Info: Hyper figures OFF on input line 6358.
Package hyperref Info: Link nesting OFF on input line 6363.
Package hyperref Info: Hyper index ON on input line 6366.
Package hyperref Info: backreferencing OFF on input line 6373.
Package hyperref Info: Link coloring OFF on input line 6378.
Package hyperref Info: Link coloring with OCG OFF on input line 6383.
Package hyperref Info: PDF/A mode OFF on input line 6388.
LaTeX Info: Redefining \ref on input line 6428.
LaTeX Info: Redefining \pageref on input line 6432.
\Hy@abspage=\count118
\c@Item=\count119
\c@Hfootnote=\count120
)

Package hyperref Message: Driver (autodetected): hpdftex.

(/home/anon/.miktex/texmfs/install/tex/latex/hyperref/hpdftex.def
File: hpdftex.def 2017/03/14 v6.85a Hyperref driver for pdfTeX
\Fld@listcount=\count121
\c@bookmark@seq@number=\count122

(/home/anon/.miktex/texmfs/install/tex/latex/oberdiek/rerunfilecheck.sty
Package: rerunfilecheck 2016/05/16 v1.8 Rerun checks for auxiliary files (HO)
Package uniquecounter Info: New unique counter `rerunfilecheck' on input line 2
82.
)
\Hy@SectionHShift=\skip51
)
(/home/anon/.miktex/texmfs/install/tex/latex/preprint/balance.sty
Package: balance 1999/02/23 4.3 (PWD)
\oldvsize=\dimen139
)
(/home/anon/.miktex/texmfs/install/tex/latex/graphics/graphics.sty
Package: graphics 2017/06/25 v1.2c Standard LaTeX Graphics (DPC,SPQR)

(/home/anon/.miktex/texmfs/install/tex/latex/graphics/trig.sty
Package: trig 2016/01/03 v1.10 sin cos tan (DPC)
)
(/home/anon/.miktex/texmfs/install/tex/latex/graphics-cfg/graphics.cfg
File: graphics.cfg 2016/06/04 v1.11 sample graphics configuration
)
Package graphics Info: Driver file: pdftex.def on input line 99.

(/home/anon/.miktex/texmfs/install/tex/latex/graphics-def/pdftex.def
File: pdftex.def 2018/01/08 v1.0l Graphics/color driver for pdftex
))
(/home/anon/.miktex/texmfs/install/tex/latex/graphics/graphicx.sty
Package: graphicx 2017/06/01 v1.1a Enhanced LaTeX Graphics (DPC,SPQR)
\Gin@req@height=\dimen140
\Gin@req@width=\dimen141
)
(/home/anon/.miktex/texmfs/install/tex/latex/graphics/epsfig.sty
Package: epsfig 2017/06/25 v1.7b (e)psfig emulation (SPQR)
\epsfxsize=\dimen142
\epsfysize=\dimen143
)
(/home/anon/.miktex/texmfs/install/tex/latex/graphics/color.sty
Package: color 2016/07/10 v1.1e Standard LaTeX Color (DPC)

(/home/anon/.miktex/texmfs/install/tex/latex/graphics-cfg/color.cfg
File: color.cfg 2016/01/02 v1.6 sample color configuration
)
Package color Info: Driver file: pdftex.def on input line 147.
)
\c@theorem=\count123
\c@proposition=\count124
\c@lemma=\count125

(RSS2018.aux)
\openout1 = `RSS2018.aux'.

LaTeX Font Info:    Checking defaults for OML/cmm/m/it on input line 29.
LaTeX Font Info:    ... okay on input line 29.
LaTeX Font Info:    Checking defaults for T1/cmr/m/n on input line 29.
LaTeX Font Info:    ... okay on input line 29.
LaTeX Font Info:    Checking defaults for OT1/cmr/m/n on input line 29.
LaTeX Font Info:    ... okay on input line 29.
LaTeX Font Info:    Checking defaults for OMS/cmsy/m/n on input line 29.
LaTeX Font Info:    ... okay on input line 29.
LaTeX Font Info:    Checking defaults for OMX/cmex/m/n on input line 29.
LaTeX Font Info:    ... okay on input line 29.
LaTeX Font Info:    Checking defaults for U/cmr/m/n on input line 29.
LaTeX Font Info:    ... okay on input line 29.
LaTeX Font Info:    Checking defaults for PD1/pdf/m/n on input line 29.
LaTeX Font Info:    ... okay on input line 29.
\AtBeginShipoutBox=\box55
Package hyperref Info: Link coloring OFF on input line 29.
 (/home/anon/.miktex/texmfs/install/tex/latex/hyperref/nameref.sty
Package: nameref 2016/05/21 v2.44 Cross-referencing by name of section
(/home/anon/.miktex/texmfs/install/tex/generic/oberdiek/gettitlestring.sty
Package: gettitlestring 2016/05/16 v1.5 Cleanup title references (HO)
)
\c@section@level=\count126
)
LaTeX Info: Redefining \ref on input line 29.
LaTeX Info: Redefining \pageref on input line 29.
LaTeX Info: Redefining \nameref on input line 29.

(RSS2018.out) (RSS2018.out)
\@outlinefile=\write3
\openout3 = `RSS2018.out'.


(/home/anon/.miktex/texmfs/install/tex/context/base/supp-pdf.mkii
[Loading MPS to PDF converter (version 2006.09.02).]
\scratchcounter=\count127
\scratchdimen=\dimen144
\scratchbox=\box56
\nofMPsegments=\count128
\nofMParguments=\count129
\everyMPshowfont=\toks21
\MPscratchCnt=\count130
\MPscratchDim=\dimen145
\MPnumerator=\count131
\makeMPintoPDFobject=\count132
\everyMPtoPDFconversion=\toks22
) (/home/anon/.miktex/texmfs/install/tex/latex/oberdiek/epstopdf-base.sty
Package: epstopdf-base 2016/05/15 v2.6 Base part for package epstopdf

(/home/anon/.miktex/texmfs/install/tex/latex/oberdiek/grfext.sty
Package: grfext 2016/05/16 v1.2 Manage graphics extensions (HO)
)
Package epstopdf-base Info: Redefining graphics rule for `.eps' on input line 4
38.
Package grfext Info: Graphics extension search list:
(grfext)             [.pdf,.png,.jpg,.mps,.jpeg,.jbig2,.jb2,.PDF,.PNG,.JPG,.JPE
G,.JBIG2,.JB2,.eps]
(grfext)             \AppendGraphicsExtensions on input line 456.
)

Package natbib Warning: Citation `++' on page 1 undefined on input line 93.


Package natbib Warning: Citation `++' on page 1 undefined on input line 94.


Package natbib Warning: Citation `++' on page 1 undefined on input line 95.


Package natbib Warning: Citation `++' on page 1 undefined on input line 101.


Package natbib Warning: Citation `++' on page 1 undefined on input line 103.


Package natbib Warning: Citation `++' on page 1 undefined on input line 107.


Package natbib Warning: Citation `miller2015optimalrange' on page 1 undefined o
n input line 109.


LaTeX Warning: Reference `sec:decentralized' on page 1 undefined on input line 
122.

LaTeX Font Info:    Try loading font information for U+msa on input line 136.
(/home/anon/.miktex/texmfs/install/tex/latex/amsfonts/umsa.fd
File: umsa.fd 2013/01/14 v3.01 AMS symbols A
)
LaTeX Font Info:    Try loading font information for U+msb on input line 136.

(/home/anon/.miktex/texmfs/install/tex/latex/amsfonts/umsb.fd
File: umsb.fd 2013/01/14 v3.01 AMS symbols B
) [1{/home/anon/.miktex/texmfs/data/pdftex/config/pdftex.map}


]
Overfull \hbox (10.42554pt too wide) detected at line 171
[]
 []


Package natbib Warning: Citation `vasudevan2013consistent' on page 2 undefined 
on input line 192.


Package natbib Warning: Citation `axelsson2008gradient' on page 2 undefined on 
input line 192.


Package natbib Warning: Citation `egerstedt2006transition' on page 2 undefined 
on input line 192.


Package natbib Warning: Citation `caldwell2016projection' on page 2 undefined o
n input line 192.


Package amsfonts Warning: Obsolete command \bold; \mathbf should be used instea
d on input line 202.

** ATTENTION: \proof is deprecated (line 204). Use \IEEEproof instead.

Package natbib Warning: Citation `mode transition stuff' on page 2 undefined on
 input line 210.

[2]
** ATTENTION: \proof is deprecated (line 249). Use \IEEEproof instead.

LaTeX Warning: Reference `eq:mode_insertion' on page 3 undefined on input line 
261.

** ATTENTION: \proof is deprecated (line 263). Use \IEEEproof instead.

LaTeX Warning: Reference `eq:mode_insertion' on page 3 undefined on input line 
264.


Package natbib Warning: Citation `armijo1966minimization' on page 3 undefined o
n input line 279.


Package natbib Warning: Citation `++' on page 3 undefined on input line 292.

[3]

LaTeX Warning: Reference `eq:central' on page 4 undefined on input line 355.


LaTeX Warning: Reference `eq:caff' on page 4 undefined on input line 366.


LaTeX Warning: Reference `eq:cerg' on page 4 undefined on input line 366.


Underfull \hbox (badness 2393) in paragraph at lines 366--367
[]\OT1/ptm/m/n/10 For a con-nect-ed net-work of a-gents with
 []


LaTeX Warning: Reference `eq:ckn' on page 4 undefined on input line 388.


LaTeX Warning: Reference `eq:mode_insert' on page 4 undefined on input line 390
.

<figures/5networkpath.png, id=168, 289.08pt x 361.35pt>
File: figures/5networkpath.png Graphic file (type png)
<use figures/5networkpath.png>
Package pdftex.def Info: figures/5networkpath.png  used on input line 398.
(pdftex.def)             Requested size: 115.62994pt x 144.53743pt.
[4 <./figures/5networkpath.png>]
Overfull \hbox (6.0086pt too wide) detected at line 449
[]
 []

<figures/n_agent_comparison2.png, id=195, 390.258pt x 505.89pt>
File: figures/n_agent_comparison2.png Graphic file (type png)
<use figures/n_agent_comparison2.png>
Package pdftex.def Info: figures/n_agent_comparison2.png  used on input line 46
6.
(pdftex.def)             Requested size: 234.1566pt x 303.53633pt.
Package epstopdf Info: Source file: <figures/distr_loc2.eps>
(epstopdf)                    date: 2018-02-03 20:20:14
(epstopdf)                    size: 1502498 bytes
(epstopdf)             Output file: <figures/distr_loc2-eps-converted-to.pdf>
(epstopdf)                    date: 2018-02-03 20:20:14
(epstopdf)                    size: 504965 bytes
(epstopdf)             Command: <epstopdf --outfile=figures/distr_loc2-eps-conv
erted-to.pdf figures/distr_loc2.eps>
(epstopdf)             \includegraphics on input line 473.
Package epstopdf Info: Output file is already uptodate.
<figures/distr_loc2-eps-converted-to.pdf, id=196, 517.935pt x 201.75375pt>
File: figures/distr_loc2-eps-converted-to.pdf Graphic file (type pdf)
<use figures/distr_loc2-eps-converted-to.pdf>
Package pdftex.def Info: figures/distr_loc2-eps-converted-to.pdf  used on input
 line 473.
(pdftex.def)             Requested size: 466.13718pt x 181.57669pt.
[5]
<figures/localization_convergence.pdf, id=218, 466.74374pt x 252.945pt>
File: figures/localization_convergence.pdf Graphic file (type pdf)
<use figures/localization_convergence.pdf>
Package pdftex.def Info: figures/localization_convergence.pdf  used on input li
ne 486.
(pdftex.def)             Requested size: 233.37129pt x 126.47218pt.


LaTeX Warning: `!h' float specifier changed to `!ht'.

<figures/terrain_estimation.pdf, id=221, 845.55902pt x 202.356pt>
File: figures/terrain_estimation.pdf Graphic file (type pdf)
<use figures/terrain_estimation.pdf>
Package pdftex.def Info: figures/terrain_estimation.pdf  used on input line 515
.
(pdftex.def)             Requested size: 507.33932pt x 121.41452pt.
[6 <./figures/n_agent_comparison2.png>] (RSS2018.bbl
Underfull \vbox (badness 10000) has occurred while \output is active []

 [7 <./figures/distr_loc2-eps-converted-to.pdf> <./figures/localization_converg
ence.pdf>]
Underfull \vbox (badness 10000) has occurred while \output is active []

)

** Conference Paper **
Before submitting the final camera ready copy, remember to:

 1. Manually equalize the lengths of two columns on the last page
 of your paper;

 2. Ensure that any PostScript and/or PDF output post-processing
 uses only Type 1 fonts and that every step in the generation
 process uses the appropriate paper size.


Package natbib Warning: There were undefined citations.

Package atveryend Info: Empty hook `BeforeClearDocument' on input line 538.

Package balance Warning: You have called \balance in second column
(balance)                Columns might not be balanced.

[8 <./figures/terrain_estimation.pdf>]
Package atveryend Info: Empty hook `AfterLastShipout' on input line 538.
 (RSS2018.aux)
Package atveryend Info: Executing hook `AtVeryEndDocument' on input line 538.
Package atveryend Info: Executing hook `AtEndAfterFileList' on input line 538.
Package rerunfilecheck Info: File `RSS2018.out' has not changed.
(rerunfilecheck)             Checksum: 4613A4A44D33EF592D74FFE5D3FA45ED;1019.


LaTeX Warning: There were undefined references.

Package atveryend Info: Empty hook `AtVeryVeryEnd' on input line 538.
 ) 
Here is how much of TeX's memory you used:
 7201 strings out of 495207
 109289 string characters out of 3181328
 207419 words of memory out of 3000000
 10319 multiletter control sequences out of 15000+200000
 43124 words of font info for 91 fonts, out of 3000000 for 9000
 14 hyphenation exceptions out of 8191
 28i,15n,28p,1196b,431s stack positions out of 5000i,500n,10000p,200000b,50000s
{/home/anon/.miktex/texmfs/install/fonts/enc/dvips/base/8r.enc}</home/anon/.m
iktex/texmfs/install/fonts/type1/public/amsfonts/cm/cmbx10.pfb></home/anon/.mik
tex/texmfs/install/fonts/type1/public/amsfonts/cm/cmex10.pfb></home/anon/.mikte
x/texmfs/install/fonts/type1/public/amsfonts/cm/cmmi10.pfb></home/anon/.miktex/
texmfs/install/fonts/type1/public/amsfonts/cm/cmmi5.pfb></home/anon/.miktex/tex
mfs/install/fonts/type1/public/amsfonts/cm/cmmi6.pfb></home/anon/.miktex/texmfs
/install/fonts/type1/public/amsfonts/cm/cmmi7.pfb></home/anon/.miktex/texmfs/in
stall/fonts/type1/public/amsfonts/cm/cmmi8.pfb></home/anon/.miktex/texmfs/insta
ll/fonts/type1/public/amsfonts/cm/cmr10.pfb></home/anon/.miktex/texmfs/install/
fonts/type1/public/amsfonts/cm/cmr5.pfb></home/anon/.miktex/texmfs/install/font
s/type1/public/amsfonts/cm/cmr7.pfb></home/anon/.miktex/texmfs/install/fonts/ty
pe1/public/amsfonts/cm/cmr8.pfb></home/anon/.miktex/texmfs/install/fonts/type1/
public/amsfonts/cm/cmsy10.pfb></home/anon/.miktex/texmfs/install/fonts/type1/pu
blic/amsfonts/cm/cmsy5.pfb></home/anon/.miktex/texmfs/install/fonts/type1/publi
c/amsfonts/cm/cmsy7.pfb></home/anon/.miktex/texmfs/install/fonts/type1/public/a
msfonts/cm/cmsy8.pfb></home/anon/.miktex/texmfs/install/fonts/type1/public/amsf
onts/symbols/msbm10.pfb></home/anon/.miktex/texmfs/install/fonts/type1/public/a
msfonts/symbols/msbm7.pfb></home/anon/.miktex/texmfs/install/fonts/type1/urw/ti
mes/utmb8a.pfb></home/anon/.miktex/texmfs/install/fonts/type1/urw/times/utmbi8a
.pfb></home/anon/.miktex/texmfs/install/fonts/type1/urw/times/utmr8a.pfb></home
/anon/.miktex/texmfs/install/fonts/type1/urw/times/utmri8a.pfb>
Output written on RSS2018.pdf (8 pages, 1508407 bytes).
PDF statistics:
 987 PDF objects out of 1000 (max. 8388607)
 103 named destinations out of 1000 (max. 500000)
 154 words of extra memory for PDF output out of 10000 (max. 10000000)

